[1210/153813.525:ERROR:os_crypt_win.cc(93)] Failed to decrypt: Key not valid for use in specified state. (0x8009000B)
[1210/153815.074:ERROR:entry_impl.cc(1075)] No file for 80000001
[1210/153815.076:ERROR:entry_impl.cc(1075)] No file for 80000005
[1210/153815.076:ERROR:entry_impl.cc(1075)] No file for 8000000f
[1210/153815.076:ERROR:entry_impl.cc(1075)] No file for 8000000d
[1210/153815.076:ERROR:entry_impl.cc(1075)] No file for 8000000c
[1210/153815.076:ERROR:entry_impl.cc(1075)] No file for 8000000b
[1210/153815.076:ERROR:entry_impl.cc(1075)] No file for 80000008
[1210/153815.077:ERROR:entry_impl.cc(1075)] No file for 80000003
[1210/153815.077:ERROR:entry_impl.cc(1075)] No file for 80000004
[1210/153815.077:ERROR:entry_impl.cc(1075)] No file for 80000007
[1210/153815.086:ERROR:entry_impl.cc(1075)] No file for 80000009
[1210/153815.296:ERROR:entry_impl.cc(1075)] No file for 80000011
[1210/153929.392:ERROR:entry_impl.cc(1075)] No file for 8000001c
[1210/153929.393:ERROR:entry_impl.cc(1075)] No file for 80000015
[1210/153929.393:ERROR:entry_impl.cc(1075)] No file for 8000001b
[1210/153929.395:ERROR:entry_impl.cc(1075)] No file for 8000001f
[1210/153929.396:ERROR:entry_impl.cc(1075)] No file for 8000001a
[1210/153929.396:ERROR:entry_impl.cc(1075)] No file for 80000021
[1210/153929.397:ERROR:entry_impl.cc(1075)] No file for 80000013
[1210/153929.400:ERROR:entry_impl.cc(1075)] No file for 80000014
[1210/153929.402:ERROR:entry_impl.cc(1075)] No file for 80000018
[1210/153929.403:ERROR:entry_impl.cc(1075)] No file for 8000001e
[1210/153929.403:ERROR:entry_impl.cc(1075)] No file for 80000017
[1210/153929.403:ERROR:entry_impl.cc(1075)] No file for 80000020
[1210/153929.406:ERROR:entry_impl.cc(1075)] No file for 80000016
[1210/153929.406:ERROR:entry_impl.cc(1075)] No file for 80000019
[1210/153929.409:ERROR:entry_impl.cc(1075)] No file for 8000001d
[1210/153930.339:ERROR:entry_impl.cc(1075)] No file for 80000023
[1210/153930.344:ERROR:entry_impl.cc(1075)] No file for 80000036
[1210/153930.352:ERROR:entry_impl.cc(1075)] No file for 80000029
[1210/153930.352:ERROR:entry_impl.cc(1075)] No file for 8000002f
[1210/153930.352:ERROR:entry_impl.cc(1075)] No file for 80000024
[1210/153930.352:ERROR:entry_impl.cc(1075)] No file for 8000002b
[1210/153930.352:ERROR:entry_impl.cc(1075)] No file for 80000025
[1210/153930.352:ERROR:entry_impl.cc(1075)] No file for 8000002a
[1210/153930.352:ERROR:entry_impl.cc(1075)] No file for 80000026
[1210/153930.353:ERROR:entry_impl.cc(1075)] No file for 80000027
[1210/153930.353:ERROR:entry_impl.cc(1075)] No file for 8000002e
[1210/153930.353:ERROR:entry_impl.cc(1075)] No file for 80000039
[1210/153930.356:ERROR:entry_impl.cc(1075)] No file for 80000032
[1210/153930.360:ERROR:entry_impl.cc(1075)] No file for 80000030
[1210/153930.360:ERROR:entry_impl.cc(1075)] No file for 80000022
[1210/153930.368:ERROR:entry_impl.cc(1075)] No file for 800000a4
[1210/153930.370:ERROR:entry_impl.cc(1075)] No file for 8000002d
[1210/153930.371:ERROR:entry_impl.cc(1075)] No file for 80000094
[1210/153930.373:ERROR:entry_impl.cc(1075)] No file for 80000035
[1210/153930.375:ERROR:entry_impl.cc(1075)] No file for 800000a5
[1210/153930.376:ERROR:entry_impl.cc(1075)] No file for 80000037
[1210/153930.391:ERROR:entry_impl.cc(1075)] No file for 800000a0
[1210/153930.402:ERROR:entry_impl.cc(1075)] No file for 80000028
[1210/153930.434:ERROR:entry_impl.cc(1075)] No file for 80000033
[1210/153959.540:WARNING:angle_platform_impl.cc(48)] HLSLCompiler.cpp:257 (compileToBinary): 
C:\fakepath(102,1-6): warning X4000: use of potentially uninitialized variable (dyn_index_vec4_float4)

[1210/153959.625:WARNING:angle_platform_impl.cc(48)] HLSLCompiler.cpp:257 (compileToBinary): 
C:\fakepath(135,1): warning X4000: use of potentially uninitialized variable (f_i)
C:\fakepath(137,1): warning X4000: use of potentially uninitialized variable (f_i)
C:\fakepath(173,1): warning X4000: use of potentially uninitialized variable (f_u)

[1210/153959.817:WARNING:angle_platform_impl.cc(48)] HLSLCompiler.cpp:257 (compileToBinary): 
C:\fakepath(165,1): warning X4000: use of potentially uninitialized variable (f_renderMipMapLevel)

[1210/153959.946:ERROR:gl_utils.cc(314)] [.WebGL-00000100A03F0100] GL_INVALID_OPERATION: Two textures of different types use the same sampler location.
[1210/154000.218:ERROR:gl_utils.cc(314)] [.WebGL-00000100A03F0100] GL_INVALID_OPERATION: Two textures of different types use the same sampler location.
[1210/154012.537:WARNING:angle_platform_impl.cc(48)] HLSLCompiler.cpp:257 (compileToBinary): 
C:\fakepath(102,1-6): warning X4000: use of potentially uninitialized variable (dyn_index_vec4_float4)

[1210/154012.728:WARNING:angle_platform_impl.cc(48)] HLSLCompiler.cpp:257 (compileToBinary): 
C:\fakepath(135,1): warning X4000: use of potentially uninitialized variable (f_i)
C:\fakepath(137,1): warning X4000: use of potentially uninitialized variable (f_i)
C:\fakepath(173,1): warning X4000: use of potentially uninitialized variable (f_u)

[1210/154012.864:WARNING:angle_platform_impl.cc(48)] HLSLCompiler.cpp:257 (compileToBinary): 
C:\fakepath(165,1): warning X4000: use of potentially uninitialized variable (f_renderMipMapLevel)

[1210/154012.868:WARNING:angle_platform_impl.cc(48)] HLSLCompiler.cpp:257 (compileToBinary): 
C:\fakepath(165,1): warning X4000: use of potentially uninitialized variable (f_renderMipMapLevel)

[1210/154013.839:ERROR:gpu_init.cc(426)] Passthrough is not supported, GL is disabled
